<?xml version="1.0" encoding="UTF-8"?>
<testng-results ignored="0" total="1" passed="1" failed="0" skipped="0">
  <reporter-output>
  </reporter-output>
  <suite started-at="2021-02-10T14:26:23 IST" name="Default suite" finished-at="2021-02-10T14:27:02 IST" duration-ms="39345">
    <groups>
    </groups>
    <test started-at="2021-02-10T14:26:23 IST" name="Default test" finished-at="2021-02-10T14:27:02 IST" duration-ms="39345">
      <class name="com.orangehrm.test.admin.TC_001_EditOrganisationName">
        <test-method is-config="true" signature="openBrowser(java.lang.String)[pri:0, instance:com.orangehrm.test.admin.TC_001_EditOrganisationName@6497b078]" started-at="2021-02-10T14:26:23 IST" name="openBrowser" finished-at="2021-02-10T14:26:29 IST" duration-ms="5936" status="PASS">
          <params>
            <param index="0">
              <value>
                <![CDATA[chrome]]>
              </value>
            </param>
          </params>
          <reporter-output>
          </reporter-output>
        </test-method> <!-- openBrowser -->
        <test-method is-config="true" signature="login()[pri:0, instance:com.orangehrm.test.admin.TC_001_EditOrganisationName@6497b078]" started-at="2021-02-10T14:26:29 IST" name="login" finished-at="2021-02-10T14:26:50 IST" duration-ms="21580" status="PASS">
          <reporter-output>
          </reporter-output>
        </test-method> <!-- login -->
        <test-method signature="editOrganisationName()[pri:0, instance:com.orangehrm.test.admin.TC_001_EditOrganisationName@6497b078]" started-at="2021-02-10T14:26:50 IST" name="editOrganisationName" finished-at="2021-02-10T14:26:58 IST" duration-ms="7397" status="PASS">
          <reporter-output>
          </reporter-output>
        </test-method> <!-- editOrganisationName -->
        <test-method is-config="true" signature="logout()[pri:0, instance:com.orangehrm.test.admin.TC_001_EditOrganisationName@6497b078]" started-at="2021-02-10T14:26:58 IST" name="logout" finished-at="2021-02-10T14:27:02 IST" duration-ms="4306" status="PASS">
          <reporter-output>
          </reporter-output>
        </test-method> <!-- logout -->
        <test-method is-config="true" signature="closeBrowser()[pri:0, instance:com.orangehrm.test.admin.TC_001_EditOrganisationName@6497b078]" started-at="2021-02-10T14:27:02 IST" name="closeBrowser" finished-at="2021-02-10T14:27:02 IST" duration-ms="88" status="PASS">
          <reporter-output>
          </reporter-output>
        </test-method> <!-- closeBrowser -->
      </class> <!-- com.orangehrm.test.admin.TC_001_EditOrganisationName -->
    </test> <!-- Default test -->
  </suite> <!-- Default suite -->
</testng-results>
